<?xml version="1.0" encoding="UTF-8"?>
<!-- Generated by org.testng.reporters.JUnitXMLReporter -->
<testsuite ignored="1" hostname="DESKTOP-91Q46ME" failures="0" tests="3" name="Test" time="8.939" errors="0" timestamp="2025-02-16T12:37:59 IST">
  <testcase classname="com.TestNG.TestCasePriorityConvertXML" name="amazon" time="4.351"/>
  <testcase classname="com.TestNG.TestCasePriorityConvertXML" name="amazon" time="1.941"/>
  <testcase classname="com.TestNG.TestCasePriorityConvertXML" name="amazon" time="2.534"/>
  <testcase classname="com.TestNG.TestCasePriorityConvertXML" name="facebook" time="0.0">
    <ignored/>
  </testcase> <!-- facebook -->
</testsuite> <!-- Test -->
