<?xml version="1.0" encoding="UTF-8"?>
<!-- Generated by org.testng.reporters.JUnitReportReporter -->
<testsuite hostname="DESKTOP-91Q46ME" failures="1" tests="2" name="cucumberexecuter.CucumberExecuter" time="11.713" errors="0" timestamp="2025-03-16T13:04:57 IST" skipped="0">
  <testcase classname="cucumberexecuter.CucumberExecuter" name="runScenario" time="4.888">
    <failure message="expected [Main Menu] but found [FrontAccounting 2.4.12 - Login]" type="java.lang.AssertionError">
      <![CDATA[java.lang.AssertionError: expected [Main Menu] but found [FrontAccounting 2.4.12 - Login]
at org.testng.Assert.fail(Assert.java:111)
at org.testng.Assert.failNotEquals(Assert.java:1590)
at org.testng.Assert.assertEqualsImpl(Assert.java:150)
at org.testng.Assert.assertEquals(Assert.java:132)
at org.testng.Assert.assertEquals(Assert.java:656)
at org.testng.Assert.assertEquals(Assert.java:666)
at cucumbertestcasecode.CucumberTestCaseCode.validate_login_functionality_by_title_of_the_page(CucumberTestCaseCode.java:42)
at ✽.Validate login functionality by title of the page(file:///D:/Amit%20G/Automation/eclipse-workspace/MavenAutoProject/src/test/java/featuretestcases/TCFrontAccounting.feature:20)
]]>
    </failure>
  </testcase> <!-- runScenario -->
  <testcase classname="cucumberexecuter.CucumberExecuter" name="runScenario" time="6.825"/>
</testsuite> <!-- cucumberexecuter.CucumberExecuter -->
